    _ctors
    _ctors
    _dtors
    _dtors
    OSReport
    OSReport
    OSGetStackPointer
    OSReport
    OSReport
    OSReport
    IsBThere__Fv
    OSReport
    OSReport
    __dl__FPv
    OSReport
    _ctors
    _ctors
    _dtors
    _dtors
    OSReport
    OSReport
    OSGetStackPointer
    OSReport
    OSReport
    OSReport
    IsAThere__Fv
    OSReport
    OSReport
    __dl__FPv
    OSReport
    count__1A
    count__1A
    count__1A
    count__1A
    OSReport
    __dl__FPv
    count__1A
    count__1A
    count__1A
    count__1A
    OSReport
